<?xml version="1.0" encoding="utf-8"?><testsuites name="pytest tests"><testsuite name="pytest" errors="0" failures="1" skipped="0" tests="20" time="3.870" timestamp="2026-09-05T10:10:03.787808+00:00" hostname="agent-env-43bb2746-f09a-47ff-9131-e1e95e91e7b9"><testcase classname="tests.test_soneja_api.TestAuth" name="test_login_owner_success" time="0.436" /><testcase classname="tests.test_soneja_api.TestAuth" name="test_login_invalid_creds" time="0.445" /><testcase classname="tests.test_soneja_api.TestStaff" name="test_owner_can_create_staff" time="1.107" /><testcase classname="tests.test_soneja_api.TestStaff" name="test_duplicate_email_returns_409" time="0.223" /><testcase classname="tests.test_soneja_api.TestStaff" name="test_list_staff" time="0.097" /><testcase classname="tests.test_soneja_api.TestAuth" name="test_me_authenticated" time="0.547" /><testcase classname="tests.test_soneja_api.TestStaff" name="test_staff_cannot_access_staff_endpoints" time="0.510" /><testcase classname="tests.test_soneja_api.TestAuth" name="test_me_no_token" time="0.324" /><testcase classname="tests.test_soneja_api.TestOrders" name="test_create_sale_decrements_inventory" time="0.795" /><testcase classname="tests.test_soneja_api.TestStaff" name="test_patch_staff" time="0.126" /><testcase classname="tests.test_soneja_api.TestStaff" name="test_deactivate_staff" time="0.102" /><testcase classname="tests.test_soneja_api.TestProducts" name="test_seeded_products" time="0.116"><failure message="AssertionError: expected seeded 87 units, got 85.0&#10;assert 85.0 &gt;= 87">backend/tests/test_soneja_api.py:36: in test_seeded_products
    assert total_qty &gt;= 87, f"expected seeded 87 units, got {total_qty}"
E   AssertionError: expected seeded 87 units, got 85.0
E   assert 85.0 &gt;= 87</failure></testcase><testcase classname="tests.test_soneja_api.TestProducts" name="test_product_crud" time="0.520" /><testcase classname="tests.test_soneja_api.TestOrders" name="test_create_purchase_increments_inventory" time="0.429" /><testcase classname="tests.test_soneja_api.TestDealers" name="test_seeded_dealers" time="0.097" /><testcase classname="tests.test_soneja_api.TestDealers" name="test_dealer_crud" time="0.337" /><testcase classname="tests.test_soneja_api.TestOrders" name="test_list_sales_purchases" time="0.231" /><testcase classname="tests.test_soneja_api.TestDashboardReports" name="test_dashboard" time="0.098" /><testcase classname="tests.test_soneja_api.TestExpenses" name="test_expense_flow" time="0.302" /><testcase classname="tests.test_soneja_api.TestDashboardReports" name="test_reports" time="0.115" /></testsuite></testsuites>